<?xml version="1.0" encoding="UTF-8"?>
<!-- Generated by org.testng.reporters.JUnitReportReporter -->
<testsuite skipped="0" hostname="DESKTOP-J9BK31J" name="testpackage.TestDresspage" tests="3" failures="0" timestamp="28 Dec 2021 07:29:36 GMT" time="24.565" errors="0">
  <testcase name="verifySizeBlockisDisplayed1" time="11.487" classname="testpackage.TestDresspage"/>
  <testcase name="verifyProductCount2" time="0.228" classname="testpackage.TestDresspage"/>
  <testcase name="verifyProductAddedtoCart3" time="12.850" classname="testpackage.TestDresspage"/>
</testsuite> <!-- testpackage.TestDresspage -->
