<?xml version="1.0" encoding="UTF-8"?>
<!-- Generated by org.testng.reporters.JUnitReportReporter -->
<testsuite skipped="0" hostname="DESKTOP-J9BK31J" name="testpackage.TestClass" tests="3" failures="0" timestamp="28 Dec 2021 07:29:36 GMT" time="55.432" errors="0">
  <testcase name="verifyCatagoryTabs" time="0.250" classname="testpackage.TestClass"/>
  <testcase name="verifyNewsLetterSuccessfulregisterdAlert" time="6.762" classname="testpackage.TestClass"/>
  <testcase name="verifyNavigatedCorespondingtab" time="48.420" classname="testpackage.TestClass"/>
</testsuite> <!-- testpackage.TestClass -->
