<?xml version="1.0" encoding="UTF-8"?>
<!-- Generated by org.testng.reporters.JUnitReportReporter -->
<testsuite skipped="0" hostname="DESKTOP-J9BK31J" name="testpackage.TestProductDetailpage" tests="2" failures="0" timestamp="28 Dec 2021 07:29:36 GMT" time="33.634" errors="0">
  <testcase name="verifyProductDiscriptionProductDetailspage" time="0.052" classname="testpackage.TestProductDetailpage"/>
  <testcase name="verifyTweetShareinProductDetailspage" time="33.582" classname="testpackage.TestProductDetailpage"/>
</testsuite> <!-- testpackage.TestProductDetailpage -->
